<?xml version="1.0" encoding="UTF-8"?>
<!-- Generated by org.testng.reporters.JUnitReportReporter -->
<testsuite hostname="Castus" failures="0" tests="1" name="practice.DropDown" time="7.118" errors="0" timestamp="2025-06-24T13:53:36 IST" skipped="0">
  <testcase classname="practice.DropDown" name="f" time="7.118"/>
  <system-out/>
</testsuite> <!-- practice.DropDown -->
