<?xml version="1.0" encoding="UTF-8"?>
<!-- Generated by org.testng.reporters.JUnitReportReporter -->
<testsuite hostname="Castus" failures="0" tests="1" name="runner.TestRunner" time="12.156" errors="0" timestamp="2025-07-03T12:32:10 IST" skipped="0">
  <testcase classname="runner.TestRunner" name="runScenario" time="12.156"/>
  <system-out/>
</testsuite> <!-- runner.TestRunner -->
